Using pre-set license
Built from '2020.2/release' branch; Version is '2020.2.1f1 (270dd8c3da1c) revision 2559448'; Using compiler version '192528614'; Build Type 'Release'
OS: 'Windows 10  (10.0.0) 64bit' Language: 'en' Physical Memory: 16313 MB
BatchMode: 1, IsHumanControllingUs: 0, StartBugReporterOnCrash: 0, Is64bit: 1, IsPro: 0

 COMMAND LINE ARGUMENTS:
C:\Program Files\Unity\Hub\Editor\2020.2.1f1\Editor\Unity.exe
-adb2
-batchMode
-noUpm
-name
AssetImportWorker0
-projectPath
G:/DesktopG/Repos/Playground
-logFile
Logs/AssetImportWorker0.log
-srvPort
59943
Successfully changed project path to: G:/DesktopG/Repos/Playground
G:/DesktopG/Repos/Playground
Using Asset Import Pipeline V2.
Refreshing native plugins compatible for Editor in 25.64 ms, found 0 plugins.
Preloading 0 native plugins for Editor in 0.00 ms.
Initialize engine version: 2020.2.1f1 (270dd8c3da1c)
[Subsystems] Discovering subsystems at path C:/Program Files/Unity/Hub/Editor/2020.2.1f1/Editor/Data/Resources/UnitySubsystems
[Subsystems] Discovering subsystems at path G:/DesktopG/Repos/Playground/Assets
GfxDevice: creating device client; threaded=0
Direct3D:
    Version:  Direct3D 11.0 [level 11.1]
    Renderer: Radeon RX 580 Series (ID=0x67df)
    Vendor:   
    VRAM:     8171 MB
    Driver:   27.20.1034.6
Initialize mono
Mono path[0] = 'C:/Program Files/Unity/Hub/Editor/2020.2.1f1/Editor/Data/Managed'
Mono path[1] = 'C:/Program Files/Unity/Hub/Editor/2020.2.1f1/Editor/Data/MonoBleedingEdge/lib/mono/unityjit'
Mono config path = 'C:/Program Files/Unity/Hub/Editor/2020.2.1f1/Editor/Data/MonoBleedingEdge/etc'
Using monoOptions --debugger-agent=transport=dt_socket,embedding=1,server=y,suspend=n,address=127.0.0.1:56156
Begin MonoManager ReloadAssembly
Registering precompiled unity dll's ...
Register platform support module: C:/Program Files/Unity/Hub/Editor/2020.2.1f1/Editor/Data/PlaybackEngines/WindowsStandaloneSupport/UnityEditor.WindowsStandalone.Extensions.dll
Registered in 0.002320 seconds.
Native extension for WindowsStandalone target not found
Refreshing native plugins compatible for Editor in 25.65 ms, found 0 plugins.
Preloading 0 native plugins for Editor in 0.00 ms.
Invoked RoslynAnalysisRunner static constructor.
RoslynAnalysisRunner will not be running.
RoslynAnalysisRunner has terminated.
Mono: successfully reloaded assembly
- Completed reload, in  2.408 seconds
Platform modules already initialized, skipping
Registering precompiled user dll's ...
Registered in 0.000555 seconds.
Begin MonoManager ReloadAssembly
Native extension for WindowsStandalone target not found
Refreshing native plugins compatible for Editor in 0.24 ms, found 0 plugins.
Preloading 0 native plugins for Editor in 0.00 ms.
Invoked RoslynAnalysisRunner static constructor.
RoslynAnalysisRunner will not be running.
RoslynAnalysisRunner has terminated.
Mono: successfully reloaded assembly
- Completed reload, in  0.900 seconds
Platform modules already initialized, skipping
========================================================================
Worker process is ready to serve import requests
Launched and connected shader compiler UnityShaderCompiler.exe after 0.04 seconds
Refreshing native plugins compatible for Editor in 0.22 ms, found 0 plugins.
Preloading 0 native plugins for Editor in 0.00 ms.
Unloading 1137 Unused Serialized files (Serialized files now loaded: 0)
System memory in use before: 57.8 MB.
System memory in use after: 57.9 MB.

Unloading 9 unused Assets to reduce memory usage. Loaded Objects now: 1578.
Total: 2.656800 ms (FindLiveObjects: 0.152800 ms CreateObjectMapping: 0.027700 ms MarkObjects: 2.418800 ms  DeleteObjects: 0.056200 ms)

========================================================================
Received Import Request.
  path: Assets/Red_Perlin2DGreen_Perlin2DBlue_Perlin2DAlpha_Perlin2D_Noise_256.png
  artifactKey: Guid(4a047a5a564d4364f8e215c6eb8f8271) Importer(815301076,1909f56bfc062723c751e8b465ee728b)
Start importing Assets/Red_Perlin2DGreen_Perlin2DBlue_Perlin2DAlpha_Perlin2D_Noise_256.png using Guid(4a047a5a564d4364f8e215c6eb8f8271) Importer(815301076,1909f56bfc062723c751e8b465ee728b)  -> (artifact id: '926a2fb1bfcd8348bdb9a9d466c9c403') in 0.084938 seconds
  Import took 0.087168 seconds .

========================================================================
Received Import Request.
  Time since last request: 1.619909 seconds.
  path: Assets/NewPlaygroundSheme
  artifactKey: Guid(94b43fa4625296e4482718a2489bddbf) Importer(815301076,1909f56bfc062723c751e8b465ee728b)
Start importing Assets/NewPlaygroundSheme using Guid(94b43fa4625296e4482718a2489bddbf) Importer(815301076,1909f56bfc062723c751e8b465ee728b)  -> (artifact id: '2ac8782a1397297e3792f937a6ddb874') in 0.006171 seconds
  Import took 0.008338 seconds .

========================================================================
Received Import Request.
  Time since last request: 0.001153 seconds.
  path: Assets/NewPlaygroundSheme
  artifactKey: Guid(94b43fa4625296e4482718a2489bddbf) Importer(815301076,1909f56bfc062723c751e8b465ee728b)
Start importing Assets/NewPlaygroundSheme using Guid(94b43fa4625296e4482718a2489bddbf) Importer(815301076,1909f56bfc062723c751e8b465ee728b)  -> (artifact id: '2ac8782a1397297e3792f937a6ddb874') in 0.001818 seconds
  Import took 0.003909 seconds .

========================================================================
Received Import Request.
  Time since last request: 1.303082 seconds.
  path: Assets/NewPlaygroundSheme 1
  artifactKey: Guid(3463866f54d6cf04aa94d74931a3795b) Importer(815301076,1909f56bfc062723c751e8b465ee728b)
Start importing Assets/NewPlaygroundSheme 1 using Guid(3463866f54d6cf04aa94d74931a3795b) Importer(815301076,1909f56bfc062723c751e8b465ee728b)  -> (artifact id: '7700ef1d698d0e0775f733db6b25c573') in 0.006851 seconds
  Import took 0.008992 seconds .

========================================================================
Received Import Request.
  Time since last request: 9.105595 seconds.
  path: Assets/ProceduralWorlds
  artifactKey: Guid(3463866f54d6cf04aa94d74931a3795b) Importer(815301076,1909f56bfc062723c751e8b465ee728b)
Start importing Assets/ProceduralWorlds using Guid(3463866f54d6cf04aa94d74931a3795b) Importer(815301076,1909f56bfc062723c751e8b465ee728b)  -> (artifact id: '8ff2a253fb9e78ad4dc9c944d8d4b5f0') in 0.006217 seconds
  Import took 0.020122 seconds .

========================================================================
Received Import Request.
  Time since last request: 8.443386 seconds.
  path: Assets/ProceduralWorlds/NewPlaygroundAssembly.asmdef
  artifactKey: Guid(889899c2c6d74584fb1f857c56ade9a2) Importer(815301076,1909f56bfc062723c751e8b465ee728b)
Start importing Assets/ProceduralWorlds/NewPlaygroundAssembly.asmdef using Guid(889899c2c6d74584fb1f857c56ade9a2) Importer(815301076,1909f56bfc062723c751e8b465ee728b)  -> (artifact id: '7640637423868deed54e0f095439dcb9') in 0.010318 seconds
  Import took 0.040570 seconds .

========================================================================
Received Import Request.
  Time since last request: 5.187076 seconds.
  path: Assets/ProceduralWorlds/ProceduralWorlds.asmdef
  artifactKey: Guid(889899c2c6d74584fb1f857c56ade9a2) Importer(815301076,1909f56bfc062723c751e8b465ee728b)
Start importing Assets/ProceduralWorlds/ProceduralWorlds.asmdef using Guid(889899c2c6d74584fb1f857c56ade9a2) Importer(815301076,1909f56bfc062723c751e8b465ee728b)  -> (artifact id: 'f5035df306b2af8f0f0167449594ca2a') in 0.001790 seconds
  Import took 0.003717 seconds .

========================================================================
Received Import Request.
  Time since last request: 15.700695 seconds.
  path: Assets/NewPlaygroundSheme/NewPlaygroundAssembly.asmdef
  artifactKey: Guid(7529c7e38ce717d4c8b46447a0631669) Importer(815301076,1909f56bfc062723c751e8b465ee728b)
Start importing Assets/NewPlaygroundSheme/NewPlaygroundAssembly.asmdef using Guid(7529c7e38ce717d4c8b46447a0631669) Importer(815301076,1909f56bfc062723c751e8b465ee728b)  -> (artifact id: '46a9331af95f6adc5e2687fa7564f1c0') in 0.002069 seconds
  Import took 0.017165 seconds .

========================================================================
Received Import Request.
  Time since last request: 19.580034 seconds.
  path: Assets/ProceduralWorlds/ProceduralWorlds.asmdef
  artifactKey: Guid(889899c2c6d74584fb1f857c56ade9a2) Importer(815301076,1909f56bfc062723c751e8b465ee728b)
Start importing Assets/ProceduralWorlds/ProceduralWorlds.asmdef using Guid(889899c2c6d74584fb1f857c56ade9a2) Importer(815301076,1909f56bfc062723c751e8b465ee728b)  -> (artifact id: 'ee9c3fef3786661160b3693506ef841b') in 0.001891 seconds
  Import took 0.016247 seconds .

========================================================================
Received Import Request.
  Time since last request: 7.128605 seconds.
  path: Assets/ProceduralWorlds/ProceduralWorlds.asmdef
  artifactKey: Guid(889899c2c6d74584fb1f857c56ade9a2) Importer(815301076,1909f56bfc062723c751e8b465ee728b)
Start importing Assets/ProceduralWorlds/ProceduralWorlds.asmdef using Guid(889899c2c6d74584fb1f857c56ade9a2) Importer(815301076,1909f56bfc062723c751e8b465ee728b)  -> (artifact id: '8f3ed4b002a4c7f9a5f26cb59d0ffd7f') in 0.002111 seconds
  Import took 0.004872 seconds .

========================================================================
Received Import Request.
  Time since last request: 0.004294 seconds.
  path: Assets/ProceduralWorlds/ProceduralWorlds.asmdef
  artifactKey: Guid(889899c2c6d74584fb1f857c56ade9a2) Importer(815301076,1909f56bfc062723c751e8b465ee728b)
Start importing Assets/ProceduralWorlds/ProceduralWorlds.asmdef using Guid(889899c2c6d74584fb1f857c56ade9a2) Importer(815301076,1909f56bfc062723c751e8b465ee728b)  -> (artifact id: '8f3ed4b002a4c7f9a5f26cb59d0ffd7f') in 0.002249 seconds
  Import took 0.004651 seconds .

========================================================================
Received Import Request.
  Time since last request: 12.812927 seconds.
  path: Assets/ProceduralWorlds/Systems
  artifactKey: Guid(1cc205877df538c408c7b2dcbf8b42d3) Importer(815301076,1909f56bfc062723c751e8b465ee728b)
Start importing Assets/ProceduralWorlds/Systems using Guid(1cc205877df538c408c7b2dcbf8b42d3) Importer(815301076,1909f56bfc062723c751e8b465ee728b)  -> (artifact id: '89b518783256f283cdf1cf6db6f9733e') in 0.021131 seconds
  Import took 0.040809 seconds .

========================================================================
Received Prepare
Registering precompiled user dll's ...
Registered in 0.000570 seconds.
Begin MonoManager ReloadAssembly
Native extension for WindowsStandalone target not found
Refreshing native plugins compatible for Editor in 0.23 ms, found 0 plugins.
Preloading 0 native plugins for Editor in 0.00 ms.
Invoked RoslynAnalysisRunner static constructor.
RoslynAnalysisRunner will not be running.
RoslynAnalysisRunner has terminated.
Mono: successfully reloaded assembly
- Completed reload, in  0.864 seconds
Platform modules already initialized, skipping
Refreshing native plugins compatible for Editor in 0.22 ms, found 0 plugins.
Preloading 0 native plugins for Editor in 0.00 ms.
Unloading 1122 Unused Serialized files (Serialized files now loaded: 0)
System memory in use before: 57.1 MB.
System memory in use after: 57.2 MB.

Unloading 4 unused Assets to reduce memory usage. Loaded Objects now: 1582.
Total: 1.628500 ms (FindLiveObjects: 0.152700 ms CreateObjectMapping: 0.029000 ms MarkObjects: 1.429800 ms  DeleteObjects: 0.016200 ms)

========================================================================
Received Import Request.
  Time since last request: 483.129550 seconds.
  path: Assets/ProceduralWorlds/Materials
  artifactKey: Guid(b56199b85882fea4090d62a06ae27e7a) Importer(815301076,1909f56bfc062723c751e8b465ee728b)
Start importing Assets/ProceduralWorlds/Materials using Guid(b56199b85882fea4090d62a06ae27e7a) Importer(815301076,1909f56bfc062723c751e8b465ee728b)  -> (artifact id: '55b82c9958d59099d4fda3acc192735e') in 0.008899 seconds
  Import took 0.038417 seconds .

========================================================================
Received Import Request.
  Time since last request: 59.653708 seconds.
  path: Assets/ProceduralWorlds/Systems/TerrainGenerator.cs
  artifactKey: Guid(b7254383619468749ab7a5880d9be9d3) Importer(815301076,1909f56bfc062723c751e8b465ee728b)
Start importing Assets/ProceduralWorlds/Systems/TerrainGenerator.cs using Guid(b7254383619468749ab7a5880d9be9d3) Importer(815301076,1909f56bfc062723c751e8b465ee728b)  -> (artifact id: '732263db64d5f860eb416154a1eabef2') in 0.009249 seconds
  Import took 0.011256 seconds .

========================================================================
Received Prepare
Registering precompiled user dll's ...
Registered in 0.000631 seconds.
Begin MonoManager ReloadAssembly
Native extension for WindowsStandalone target not found
Refreshing native plugins compatible for Editor in 0.30 ms, found 0 plugins.
Preloading 0 native plugins for Editor in 0.00 ms.
Invoked RoslynAnalysisRunner static constructor.
RoslynAnalysisRunner will not be running.
RoslynAnalysisRunner has terminated.
Mono: successfully reloaded assembly
- Completed reload, in  0.992 seconds
Platform modules already initialized, skipping
Refreshing native plugins compatible for Editor in 0.35 ms, found 0 plugins.
Preloading 0 native plugins for Editor in 0.00 ms.
Unloading 1123 Unused Serialized files (Serialized files now loaded: 0)
System memory in use before: 57.3 MB.
System memory in use after: 57.4 MB.

Unloading 4 unused Assets to reduce memory usage. Loaded Objects now: 1585.
Total: 1.913000 ms (FindLiveObjects: 0.243400 ms CreateObjectMapping: 0.043700 ms MarkObjects: 1.603800 ms  DeleteObjects: 0.019200 ms)

========================================================================
Received Import Request.
  Time since last request: 37.106344 seconds.
  path: Assets/ProceduralWorlds/Procedural.asmdef
  artifactKey: Guid(889899c2c6d74584fb1f857c56ade9a2) Importer(815301076,1909f56bfc062723c751e8b465ee728b)
Start importing Assets/ProceduralWorlds/Procedural.asmdef using Guid(889899c2c6d74584fb1f857c56ade9a2) Importer(815301076,1909f56bfc062723c751e8b465ee728b)  -> (artifact id: '468189be50dd08761776109a5cbb6ba9') in 0.008039 seconds
  Import took 0.010079 seconds .

========================================================================
Received Import Request.
  Time since last request: 11.577441 seconds.
  path: Assets/Procedural
  artifactKey: Guid(3463866f54d6cf04aa94d74931a3795b) Importer(815301076,1909f56bfc062723c751e8b465ee728b)
Start importing Assets/Procedural using Guid(3463866f54d6cf04aa94d74931a3795b) Importer(815301076,1909f56bfc062723c751e8b465ee728b)  -> (artifact id: '54963d57b9c0f8da69b5816eee9c6872') in 0.001755 seconds
  Import took 0.020178 seconds .

========================================================================
Received Prepare
Registering precompiled user dll's ...
Registered in 0.000566 seconds.
Begin MonoManager ReloadAssembly
Native extension for WindowsStandalone target not found
Refreshing native plugins compatible for Editor in 0.29 ms, found 0 plugins.
Preloading 0 native plugins for Editor in 0.00 ms.
Invoked RoslynAnalysisRunner static constructor.
RoslynAnalysisRunner will not be running.
RoslynAnalysisRunner has terminated.
Mono: successfully reloaded assembly
- Completed reload, in  0.845 seconds
Platform modules already initialized, skipping
Refreshing native plugins compatible for Editor in 0.23 ms, found 0 plugins.
Preloading 0 native plugins for Editor in 0.00 ms.
Unloading 1123 Unused Serialized files (Serialized files now loaded: 0)
System memory in use before: 57.4 MB.
System memory in use after: 57.5 MB.

Unloading 4 unused Assets to reduce memory usage. Loaded Objects now: 1587.
Total: 1.606100 ms (FindLiveObjects: 0.153400 ms CreateObjectMapping: 0.028100 ms MarkObjects: 1.410700 ms  DeleteObjects: 0.013000 ms)

========================================================================
Received Import Request.
  Time since last request: 18.344595 seconds.
  path: Assets/Procedural/Systems/TerrainGenerator.cs
  artifactKey: Guid(b7254383619468749ab7a5880d9be9d3) Importer(815301076,1909f56bfc062723c751e8b465ee728b)
Start importing Assets/Procedural/Systems/TerrainGenerator.cs using Guid(b7254383619468749ab7a5880d9be9d3) Importer(815301076,1909f56bfc062723c751e8b465ee728b)  -> (artifact id: '2273f8cc0a851af6b05d631bc8115fb9') in 0.003928 seconds
  Import took 0.005921 seconds .

========================================================================
Received Import Request.
  Time since last request: 0.005260 seconds.
  path: Assets/Procedural/Systems/TerrainGenerator.cs
  artifactKey: Guid(b7254383619468749ab7a5880d9be9d3) Importer(815301076,1909f56bfc062723c751e8b465ee728b)
Start importing Assets/Procedural/Systems/TerrainGenerator.cs using Guid(b7254383619468749ab7a5880d9be9d3) Importer(815301076,1909f56bfc062723c751e8b465ee728b)  -> (artifact id: '2273f8cc0a851af6b05d631bc8115fb9') in 0.001605 seconds
  Import took 0.003333 seconds .

========================================================================
Received Import Request.
  Time since last request: 8.536162 seconds.
  path: Assets/Procedural/Systems/TerrainGenerator.cs
  artifactKey: Guid(b7254383619468749ab7a5880d9be9d3) Importer(815301076,1909f56bfc062723c751e8b465ee728b)
Start importing Assets/Procedural/Systems/TerrainGenerator.cs using Guid(b7254383619468749ab7a5880d9be9d3) Importer(815301076,1909f56bfc062723c751e8b465ee728b)  -> (artifact id: '8f53d980db9f42910ab1106ed395216b') in 0.001912 seconds
  Import took 0.004094 seconds .

========================================================================
Received Prepare
Registering precompiled user dll's ...
Registered in 0.000527 seconds.
Begin MonoManager ReloadAssembly
Native extension for WindowsStandalone target not found
Refreshing native plugins compatible for Editor in 0.24 ms, found 0 plugins.
Preloading 0 native plugins for Editor in 0.00 ms.
Invoked RoslynAnalysisRunner static constructor.
RoslynAnalysisRunner will not be running.
RoslynAnalysisRunner has terminated.
Mono: successfully reloaded assembly
- Completed reload, in  0.928 seconds
Platform modules already initialized, skipping
Refreshing native plugins compatible for Editor in 0.23 ms, found 0 plugins.
Preloading 0 native plugins for Editor in 0.00 ms.
Unloading 1123 Unused Serialized files (Serialized files now loaded: 0)
System memory in use before: 57.5 MB.
System memory in use after: 57.6 MB.

Unloading 4 unused Assets to reduce memory usage. Loaded Objects now: 1589.
Total: 1.837100 ms (FindLiveObjects: 0.287500 ms CreateObjectMapping: 0.032300 ms MarkObjects: 1.499200 ms  DeleteObjects: 0.016000 ms)

========================================================================
Received Import Request.
  Time since last request: 3.799546 seconds.
  path: Assets/Procedural/Systems/TerrainGenerator.cs
  artifactKey: Guid(b7254383619468749ab7a5880d9be9d3) Importer(815301076,1909f56bfc062723c751e8b465ee728b)
Start importing Assets/Procedural/Systems/TerrainGenerator.cs using Guid(b7254383619468749ab7a5880d9be9d3) Importer(815301076,1909f56bfc062723c751e8b465ee728b)  -> (artifact id: '37ae13df2e22df26405c8f5122e40f67') in 0.003980 seconds
  Import took 0.007151 seconds .

========================================================================
Received Prepare
Registering precompiled user dll's ...
Registered in 0.000605 seconds.
Begin MonoManager ReloadAssembly
Native extension for WindowsStandalone target not found
Refreshing native plugins compatible for Editor in 0.21 ms, found 0 plugins.
Preloading 0 native plugins for Editor in 0.00 ms.
Invoked RoslynAnalysisRunner static constructor.
RoslynAnalysisRunner will not be running.
RoslynAnalysisRunner has terminated.
Mono: successfully reloaded assembly
- Completed reload, in  0.836 seconds
Platform modules already initialized, skipping
Refreshing native plugins compatible for Editor in 0.22 ms, found 0 plugins.
Preloading 0 native plugins for Editor in 0.00 ms.
Unloading 1123 Unused Serialized files (Serialized files now loaded: 0)
System memory in use before: 57.6 MB.
System memory in use after: 57.7 MB.

Unloading 4 unused Assets to reduce memory usage. Loaded Objects now: 1591.
Total: 1.625900 ms (FindLiveObjects: 0.138000 ms CreateObjectMapping: 0.029200 ms MarkObjects: 1.445500 ms  DeleteObjects: 0.012200 ms)

========================================================================
Received Import Request.
  Time since last request: 41.118134 seconds.
  path: Assets/Procedural/Systems/TerrainGenerator.cs
  artifactKey: Guid(b7254383619468749ab7a5880d9be9d3) Importer(815301076,1909f56bfc062723c751e8b465ee728b)
Start importing Assets/Procedural/Systems/TerrainGenerator.cs using Guid(b7254383619468749ab7a5880d9be9d3) Importer(815301076,1909f56bfc062723c751e8b465ee728b)  -> (artifact id: '2aaa991f6d9890e8adc1a22ac245cd4e') in 0.004078 seconds
  Import took 0.006054 seconds .

========================================================================
Received Prepare
Registering precompiled user dll's ...
Registered in 0.000513 seconds.
Begin MonoManager ReloadAssembly
Native extension for WindowsStandalone target not found
Refreshing native plugins compatible for Editor in 0.21 ms, found 0 plugins.
Preloading 0 native plugins for Editor in 0.00 ms.
Invoked RoslynAnalysisRunner static constructor.
RoslynAnalysisRunner will not be running.
RoslynAnalysisRunner has terminated.
Mono: successfully reloaded assembly
- Completed reload, in  0.878 seconds
Platform modules already initialized, skipping
Refreshing native plugins compatible for Editor in 0.22 ms, found 0 plugins.
Preloading 0 native plugins for Editor in 0.00 ms.
Unloading 1125 Unused Serialized files (Serialized files now loaded: 0)
System memory in use before: 57.8 MB.
System memory in use after: 57.9 MB.

Unloading 4 unused Assets to reduce memory usage. Loaded Objects now: 1595.
Total: 1.688000 ms (FindLiveObjects: 0.167000 ms CreateObjectMapping: 0.029700 ms MarkObjects: 1.476400 ms  DeleteObjects: 0.013800 ms)

========================================================================
Received Import Request.
  Time since last request: 341.183445 seconds.
  path: Assets/Procedural/Systems/TerrainGenerator.cs
  artifactKey: Guid(b7254383619468749ab7a5880d9be9d3) Importer(815301076,1909f56bfc062723c751e8b465ee728b)
Start importing Assets/Procedural/Systems/TerrainGenerator.cs using Guid(b7254383619468749ab7a5880d9be9d3) Importer(815301076,1909f56bfc062723c751e8b465ee728b)  -> (artifact id: 'ea52425d27a6acf1e54f83f611bef746') in 0.004752 seconds
  Import took 0.013004 seconds .

========================================================================
Received Prepare
Registering precompiled user dll's ...
Registered in 0.000832 seconds.
Begin MonoManager ReloadAssembly
Native extension for WindowsStandalone target not found
Refreshing native plugins compatible for Editor in 0.24 ms, found 0 plugins.
Preloading 0 native plugins for Editor in 0.00 ms.
Invoked RoslynAnalysisRunner static constructor.
RoslynAnalysisRunner will not be running.
RoslynAnalysisRunner has terminated.
Mono: successfully reloaded assembly
- Completed reload, in  0.916 seconds
Platform modules already initialized, skipping
Refreshing native plugins compatible for Editor in 0.23 ms, found 0 plugins.
Preloading 0 native plugins for Editor in 0.00 ms.
Unloading 1125 Unused Serialized files (Serialized files now loaded: 0)
System memory in use before: 57.9 MB.
System memory in use after: 58.0 MB.

Unloading 4 unused Assets to reduce memory usage. Loaded Objects now: 1597.
Total: 1.767500 ms (FindLiveObjects: 0.248100 ms CreateObjectMapping: 0.032500 ms MarkObjects: 1.471600 ms  DeleteObjects: 0.014300 ms)

========================================================================
Received Prepare
Registering precompiled user dll's ...
Registered in 0.000588 seconds.
Begin MonoManager ReloadAssembly
Native extension for WindowsStandalone target not found
Refreshing native plugins compatible for Editor in 0.23 ms, found 0 plugins.
Preloading 0 native plugins for Editor in 0.00 ms.
Invoked RoslynAnalysisRunner static constructor.
RoslynAnalysisRunner will not be running.
RoslynAnalysisRunner has terminated.
Mono: successfully reloaded assembly
- Completed reload, in  0.912 seconds
Platform modules already initialized, skipping
Refreshing native plugins compatible for Editor in 0.22 ms, found 0 plugins.
Preloading 0 native plugins for Editor in 0.00 ms.
Unloading 1125 Unused Serialized files (Serialized files now loaded: 0)
System memory in use before: 58.0 MB.
System memory in use after: 58.1 MB.

Unloading 4 unused Assets to reduce memory usage. Loaded Objects now: 1599.
Total: 1.750800 ms (FindLiveObjects: 0.163800 ms CreateObjectMapping: 0.028500 ms MarkObjects: 1.539500 ms  DeleteObjects: 0.018000 ms)

========================================================================
Received Prepare
Registering precompiled user dll's ...
Registered in 0.000496 seconds.
Begin MonoManager ReloadAssembly
Native extension for WindowsStandalone target not found
Refreshing native plugins compatible for Editor in 0.29 ms, found 0 plugins.
Preloading 0 native plugins for Editor in 0.00 ms.
Invoked RoslynAnalysisRunner static constructor.
RoslynAnalysisRunner will not be running.
RoslynAnalysisRunner has terminated.
Mono: successfully reloaded assembly
- Completed reload, in  0.849 seconds
Platform modules already initialized, skipping
Refreshing native plugins compatible for Editor in 0.21 ms, found 0 plugins.
Preloading 0 native plugins for Editor in 0.00 ms.
Unloading 1125 Unused Serialized files (Serialized files now loaded: 0)
System memory in use before: 58.2 MB.
System memory in use after: 58.3 MB.

Unloading 4 unused Assets to reduce memory usage. Loaded Objects now: 1601.
Total: 1.678900 ms (FindLiveObjects: 0.204800 ms CreateObjectMapping: 0.040900 ms MarkObjects: 1.419600 ms  DeleteObjects: 0.012400 ms)

========================================================================
Received Import Request.
  Time since last request: 132.776274 seconds.
  path: Assets/DudeiNoise/Systems/Editor/NoiseGeneratorWindow.cs
  artifactKey: Guid(142a29f6f07b47d409b5a350b5abfcce) Importer(815301076,1909f56bfc062723c751e8b465ee728b)
Start importing Assets/DudeiNoise/Systems/Editor/NoiseGeneratorWindow.cs using Guid(142a29f6f07b47d409b5a350b5abfcce) Importer(815301076,1909f56bfc062723c751e8b465ee728b)  -> (artifact id: '0fd9e2dd280209048ddc00ba56107d17') in 0.008022 seconds
  Import took 0.029870 seconds .

========================================================================
Received Import Request.
  Time since last request: 0.013151 seconds.
  path: Assets/DudeiNoise/Systems/Editor/NoiseGeneratorWindow.cs
  artifactKey: Guid(142a29f6f07b47d409b5a350b5abfcce) Importer(815301076,1909f56bfc062723c751e8b465ee728b)
Start importing Assets/DudeiNoise/Systems/Editor/NoiseGeneratorWindow.cs using Guid(142a29f6f07b47d409b5a350b5abfcce) Importer(815301076,1909f56bfc062723c751e8b465ee728b)  -> (artifact id: '0fd9e2dd280209048ddc00ba56107d17') in 0.001762 seconds
  Import took 0.003520 seconds .

========================================================================
Received Import Request.
  Time since last request: 0.532197 seconds.
  path: Assets/DudeiNoise/Systems/Editor/INoiseGeneratorWintowTab.cs
  artifactKey: Guid(5a9890c0fa3f6c6468edd05ab4d0a593) Importer(815301076,1909f56bfc062723c751e8b465ee728b)
Start importing Assets/DudeiNoise/Systems/Editor/INoiseGeneratorWintowTab.cs using Guid(5a9890c0fa3f6c6468edd05ab4d0a593) Importer(815301076,1909f56bfc062723c751e8b465ee728b)  -> (artifact id: 'c8e4a82648bec0fb5e40eed056e62d9d') in 0.006053 seconds
  Import took 0.008063 seconds .

========================================================================
Received Import Request.
  Time since last request: 13.191512 seconds.
  path: Assets/DudeiNoise/Systems/NoiseTexture.cs
  artifactKey: Guid(e350d6e33b52a4340bdaa316dcf70fc5) Importer(815301076,1909f56bfc062723c751e8b465ee728b)
Start importing Assets/DudeiNoise/Systems/NoiseTexture.cs using Guid(e350d6e33b52a4340bdaa316dcf70fc5) Importer(815301076,1909f56bfc062723c751e8b465ee728b)  -> (artifact id: 'befd0428312970eba60f119e84f69dbe') in 0.006657 seconds
  Import took 0.008751 seconds .

========================================================================
Received Import Request.
  Time since last request: 0.002363 seconds.
  path: Assets/DudeiNoise/Systems/NoiseTexture.cs
  artifactKey: Guid(e350d6e33b52a4340bdaa316dcf70fc5) Importer(815301076,1909f56bfc062723c751e8b465ee728b)
Start importing Assets/DudeiNoise/Systems/NoiseTexture.cs using Guid(e350d6e33b52a4340bdaa316dcf70fc5) Importer(815301076,1909f56bfc062723c751e8b465ee728b)  -> (artifact id: 'befd0428312970eba60f119e84f69dbe') in 0.001857 seconds
  Import took 0.003590 seconds .

========================================================================
Received Prepare
Registering precompiled user dll's ...
Registered in 0.000542 seconds.
Begin MonoManager ReloadAssembly
Native extension for WindowsStandalone target not found
Refreshing native plugins compatible for Editor in 0.22 ms, found 0 plugins.
Preloading 0 native plugins for Editor in 0.00 ms.
Invoked RoslynAnalysisRunner static constructor.
RoslynAnalysisRunner will not be running.
RoslynAnalysisRunner has terminated.
Mono: successfully reloaded assembly
- Completed reload, in  0.808 seconds
Platform modules already initialized, skipping
Refreshing native plugins compatible for Editor in 0.21 ms, found 0 plugins.
Preloading 0 native plugins for Editor in 0.00 ms.
Unloading 1125 Unused Serialized files (Serialized files now loaded: 0)
System memory in use before: 58.3 MB.
System memory in use after: 58.4 MB.

Unloading 4 unused Assets to reduce memory usage. Loaded Objects now: 1603.
Total: 1.587300 ms (FindLiveObjects: 0.140600 ms CreateObjectMapping: 0.036200 ms MarkObjects: 1.396400 ms  DeleteObjects: 0.013200 ms)

========================================================================
Received Import Request.
  Time since last request: 348.526340 seconds.
  path: Assets/DudeiNoise/Systems/Noise.cs
  artifactKey: Guid(686ec30d4dcd15b449988de05a594fa4) Importer(815301076,1909f56bfc062723c751e8b465ee728b)
Start importing Assets/DudeiNoise/Systems/Noise.cs using Guid(686ec30d4dcd15b449988de05a594fa4) Importer(815301076,1909f56bfc062723c751e8b465ee728b)  -> (artifact id: 'cbe1157b8725c39f52937c1d24190311') in 0.008511 seconds
  Import took 0.022355 seconds .

========================================================================
Received Import Request.
  Time since last request: 516.387867 seconds.
  path: Assets/DudeiNoise/Systems/NoiseSettingsExtension.cs
  artifactKey: Guid(652eaea7ec3c4f54488bbcbc1a8eeac8) Importer(815301076,1909f56bfc062723c751e8b465ee728b)
Start importing Assets/DudeiNoise/Systems/NoiseSettingsExtension.cs using Guid(652eaea7ec3c4f54488bbcbc1a8eeac8) Importer(815301076,1909f56bfc062723c751e8b465ee728b)  -> (artifact id: '9fce749a6504873667dd52be30e29c32') in 0.006377 seconds
  Import took 0.016387 seconds .

========================================================================
Received Import Request.
  Time since last request: 0.000873 seconds.
  path: Assets/DudeiNoise/Systems/NoiseSettingsExtension.cs
  artifactKey: Guid(652eaea7ec3c4f54488bbcbc1a8eeac8) Importer(815301076,1909f56bfc062723c751e8b465ee728b)
Start importing Assets/DudeiNoise/Systems/NoiseSettingsExtension.cs using Guid(652eaea7ec3c4f54488bbcbc1a8eeac8) Importer(815301076,1909f56bfc062723c751e8b465ee728b)  -> (artifact id: '9fce749a6504873667dd52be30e29c32') in 0.002181 seconds
  Import took 0.004209 seconds .

========================================================================
Received Import Request.
  Time since last request: 1.967757 seconds.
  path: Assets/DudeiNoise/Systems/NoiseTextureSettingsExtension.cs
  artifactKey: Guid(4f0bb7007b8147eb921469abc8df8371) Importer(815301076,1909f56bfc062723c751e8b465ee728b)
Start importing Assets/DudeiNoise/Systems/NoiseTextureSettingsExtension.cs using Guid(4f0bb7007b8147eb921469abc8df8371) Importer(815301076,1909f56bfc062723c751e8b465ee728b)  -> (artifact id: 'dc4213b43630d25ff427b893e59e68c8') in 0.006630 seconds
  Import took 0.021476 seconds .

========================================================================
Received Prepare
Registering precompiled user dll's ...
Registered in 0.000543 seconds.
Begin MonoManager ReloadAssembly
Native extension for WindowsStandalone target not found
Refreshing native plugins compatible for Editor in 0.24 ms, found 0 plugins.
Preloading 0 native plugins for Editor in 0.00 ms.
Invoked RoslynAnalysisRunner static constructor.
RoslynAnalysisRunner will not be running.
RoslynAnalysisRunner has terminated.
Mono: successfully reloaded assembly
- Completed reload, in  0.888 seconds
Platform modules already initialized, skipping
Refreshing native plugins compatible for Editor in 0.22 ms, found 0 plugins.
Preloading 0 native plugins for Editor in 0.00 ms.
Unloading 1127 Unused Serialized files (Serialized files now loaded: 0)
System memory in use before: 58.5 MB.
System memory in use after: 58.6 MB.

Unloading 4 unused Assets to reduce memory usage. Loaded Objects now: 1607.
Total: 1.823900 ms (FindLiveObjects: 0.165500 ms CreateObjectMapping: 0.030800 ms MarkObjects: 1.608500 ms  DeleteObjects: 0.018200 ms)

========================================================================
Received Prepare
Registering precompiled user dll's ...
Registered in 0.000553 seconds.
Begin MonoManager ReloadAssembly
Native extension for WindowsStandalone target not found
Refreshing native plugins compatible for Editor in 0.42 ms, found 0 plugins.
Preloading 0 native plugins for Editor in 0.00 ms.
Invoked RoslynAnalysisRunner static constructor.
RoslynAnalysisRunner will not be running.
RoslynAnalysisRunner has terminated.
Mono: successfully reloaded assembly
- Completed reload, in  0.851 seconds
Platform modules already initialized, skipping
Refreshing native plugins compatible for Editor in 0.21 ms, found 0 plugins.
Preloading 0 native plugins for Editor in 0.00 ms.
Unloading 1127 Unused Serialized files (Serialized files now loaded: 0)
System memory in use before: 58.6 MB.
System memory in use after: 58.7 MB.

Unloading 4 unused Assets to reduce memory usage. Loaded Objects now: 1609.
Total: 1.710700 ms (FindLiveObjects: 0.182700 ms CreateObjectMapping: 0.036300 ms MarkObjects: 1.477900 ms  DeleteObjects: 0.013000 ms)

========================================================================
Received Prepare
Registering precompiled user dll's ...
Registered in 0.001065 seconds.
Begin MonoManager ReloadAssembly
Native extension for WindowsStandalone target not found
Refreshing native plugins compatible for Editor in 0.23 ms, found 0 plugins.
Preloading 0 native plugins for Editor in 0.00 ms.
Invoked RoslynAnalysisRunner static constructor.
RoslynAnalysisRunner will not be running.
RoslynAnalysisRunner has terminated.
Mono: successfully reloaded assembly
- Completed reload, in  0.863 seconds
Platform modules already initialized, skipping
Refreshing native plugins compatible for Editor in 0.22 ms, found 0 plugins.
Preloading 0 native plugins for Editor in 0.00 ms.
Unloading 1127 Unused Serialized files (Serialized files now loaded: 0)
System memory in use before: 58.7 MB.
System memory in use after: 58.8 MB.

Unloading 4 unused Assets to reduce memory usage. Loaded Objects now: 1611.
Total: 1.650600 ms (FindLiveObjects: 0.173400 ms CreateObjectMapping: 0.030900 ms MarkObjects: 1.430800 ms  DeleteObjects: 0.014400 ms)

========================================================================
Received Prepare
Registering precompiled user dll's ...
Registered in 0.000660 seconds.
Begin MonoManager ReloadAssembly
Native extension for WindowsStandalone target not found
Refreshing native plugins compatible for Editor in 0.24 ms, found 0 plugins.
Preloading 0 native plugins for Editor in 0.00 ms.
Invoked RoslynAnalysisRunner static constructor.
RoslynAnalysisRunner will not be running.
RoslynAnalysisRunner has terminated.
Mono: successfully reloaded assembly
- Completed reload, in  0.841 seconds
Platform modules already initialized, skipping
Refreshing native plugins compatible for Editor in 0.21 ms, found 0 plugins.
Preloading 0 native plugins for Editor in 0.00 ms.
Unloading 1127 Unused Serialized files (Serialized files now loaded: 0)
System memory in use before: 58.8 MB.
System memory in use after: 58.9 MB.

Unloading 4 unused Assets to reduce memory usage. Loaded Objects now: 1613.
Total: 1.646100 ms (FindLiveObjects: 0.161300 ms CreateObjectMapping: 0.031900 ms MarkObjects: 1.439100 ms  DeleteObjects: 0.012700 ms)

========================================================================
Received Prepare
Registering precompiled user dll's ...
Registered in 0.000901 seconds.
Begin MonoManager ReloadAssembly
Native extension for WindowsStandalone target not found
Refreshing native plugins compatible for Editor in 0.23 ms, found 0 plugins.
Preloading 0 native plugins for Editor in 0.00 ms.
Invoked RoslynAnalysisRunner static constructor.
RoslynAnalysisRunner will not be running.
RoslynAnalysisRunner has terminated.
Mono: successfully reloaded assembly
- Completed reload, in  0.875 seconds
Platform modules already initialized, skipping
Refreshing native plugins compatible for Editor in 0.30 ms, found 0 plugins.
Preloading 0 native plugins for Editor in 0.00 ms.
Unloading 1128 Unused Serialized files (Serialized files now loaded: 0)
System memory in use before: 59.0 MB.
System memory in use after: 59.1 MB.

Unloading 4 unused Assets to reduce memory usage. Loaded Objects now: 1616.
Total: 1.754500 ms (FindLiveObjects: 0.209700 ms CreateObjectMapping: 0.030700 ms MarkObjects: 1.496100 ms  DeleteObjects: 0.016900 ms)

========================================================================
Received Prepare
Registering precompiled user dll's ...
Registered in 0.000583 seconds.
Begin MonoManager ReloadAssembly
Native extension for WindowsStandalone target not found
Refreshing native plugins compatible for Editor in 0.22 ms, found 0 plugins.
Preloading 0 native plugins for Editor in 0.00 ms.
Invoked RoslynAnalysisRunner static constructor.
RoslynAnalysisRunner will not be running.
RoslynAnalysisRunner has terminated.
Mono: successfully reloaded assembly
- Completed reload, in  0.848 seconds
Platform modules already initialized, skipping
Refreshing native plugins compatible for Editor in 0.22 ms, found 0 plugins.
Preloading 0 native plugins for Editor in 0.00 ms.
Unloading 1128 Unused Serialized files (Serialized files now loaded: 0)
System memory in use before: 59.1 MB.
System memory in use after: 59.2 MB.

Unloading 4 unused Assets to reduce memory usage. Loaded Objects now: 1618.
Total: 1.639800 ms (FindLiveObjects: 0.159700 ms CreateObjectMapping: 0.029000 ms MarkObjects: 1.436600 ms  DeleteObjects: 0.013100 ms)

========================================================================
Received Prepare
Registering precompiled user dll's ...
Registered in 0.000559 seconds.
Begin MonoManager ReloadAssembly
Native extension for WindowsStandalone target not found
Refreshing native plugins compatible for Editor in 0.21 ms, found 0 plugins.
Preloading 0 native plugins for Editor in 0.00 ms.
Invoked RoslynAnalysisRunner static constructor.
RoslynAnalysisRunner will not be running.
RoslynAnalysisRunner has terminated.
Mono: successfully reloaded assembly
- Completed reload, in  0.867 seconds
Platform modules already initialized, skipping
Refreshing native plugins compatible for Editor in 0.21 ms, found 0 plugins.
Preloading 0 native plugins for Editor in 0.00 ms.
Unloading 1128 Unused Serialized files (Serialized files now loaded: 0)
System memory in use before: 58.2 MB.
System memory in use after: 58.3 MB.

Unloading 4 unused Assets to reduce memory usage. Loaded Objects now: 1620.
Total: 1.614600 ms (FindLiveObjects: 0.153900 ms CreateObjectMapping: 0.028000 ms MarkObjects: 1.419100 ms  DeleteObjects: 0.012600 ms)

========================================================================
Received Prepare
Registering precompiled user dll's ...
Registered in 0.000572 seconds.
Begin MonoManager ReloadAssembly
Native extension for WindowsStandalone target not found
Refreshing native plugins compatible for Editor in 0.24 ms, found 0 plugins.
Preloading 0 native plugins for Editor in 0.00 ms.
Invoked RoslynAnalysisRunner static constructor.
RoslynAnalysisRunner will not be running.
RoslynAnalysisRunner has terminated.
Mono: successfully reloaded assembly
- Completed reload, in  0.864 seconds
Platform modules already initialized, skipping
Refreshing native plugins compatible for Editor in 0.24 ms, found 0 plugins.
Preloading 0 native plugins for Editor in 0.00 ms.
Unloading 1128 Unused Serialized files (Serialized files now loaded: 0)
System memory in use before: 58.3 MB.
System memory in use after: 58.4 MB.

Unloading 4 unused Assets to reduce memory usage. Loaded Objects now: 1622.
Total: 1.677800 ms (FindLiveObjects: 0.174600 ms CreateObjectMapping: 0.029500 ms MarkObjects: 1.445500 ms  DeleteObjects: 0.025400 ms)

========================================================================
Received Prepare
Registering precompiled user dll's ...
Registered in 0.000578 seconds.
Begin MonoManager ReloadAssembly
Native extension for WindowsStandalone target not found
Refreshing native plugins compatible for Editor in 0.22 ms, found 0 plugins.
Preloading 0 native plugins for Editor in 0.00 ms.
Invoked RoslynAnalysisRunner static constructor.
RoslynAnalysisRunner will not be running.
RoslynAnalysisRunner has terminated.
Mono: successfully reloaded assembly
- Completed reload, in  0.858 seconds
Platform modules already initialized, skipping
Refreshing native plugins compatible for Editor in 0.22 ms, found 0 plugins.
Preloading 0 native plugins for Editor in 0.00 ms.
Unloading 1128 Unused Serialized files (Serialized files now loaded: 0)
System memory in use before: 58.4 MB.
System memory in use after: 58.5 MB.

Unloading 4 unused Assets to reduce memory usage. Loaded Objects now: 1624.
Total: 1.729600 ms (FindLiveObjects: 0.161000 ms CreateObjectMapping: 0.028700 ms MarkObjects: 1.523500 ms  DeleteObjects: 0.015700 ms)

========================================================================
Received Prepare
Registering precompiled user dll's ...
Registered in 0.000581 seconds.
Begin MonoManager ReloadAssembly
Native extension for WindowsStandalone target not found
Refreshing native plugins compatible for Editor in 0.30 ms, found 0 plugins.
Preloading 0 native plugins for Editor in 0.00 ms.
Invoked RoslynAnalysisRunner static constructor.
RoslynAnalysisRunner will not be running.
RoslynAnalysisRunner has terminated.
Mono: successfully reloaded assembly
- Completed reload, in  0.867 seconds
Platform modules already initialized, skipping
Refreshing native plugins compatible for Editor in 0.22 ms, found 0 plugins.
Preloading 0 native plugins for Editor in 0.00 ms.
Unloading 1128 Unused Serialized files (Serialized files now loaded: 0)
System memory in use before: 58.6 MB.
System memory in use after: 58.7 MB.

Unloading 4 unused Assets to reduce memory usage. Loaded Objects now: 1626.
Total: 2.207500 ms (FindLiveObjects: 0.306400 ms CreateObjectMapping: 0.053300 ms MarkObjects: 1.818900 ms  DeleteObjects: 0.027000 ms)

========================================================================
Received Prepare
Registering precompiled user dll's ...
Registered in 0.000545 seconds.
Begin MonoManager ReloadAssembly
Native extension for WindowsStandalone target not found
Refreshing native plugins compatible for Editor in 0.29 ms, found 0 plugins.
Preloading 0 native plugins for Editor in 0.00 ms.
Invoked RoslynAnalysisRunner static constructor.
RoslynAnalysisRunner will not be running.
RoslynAnalysisRunner has terminated.
Mono: successfully reloaded assembly
- Completed reload, in  0.846 seconds
Platform modules already initialized, skipping
Refreshing native plugins compatible for Editor in 0.22 ms, found 0 plugins.
Preloading 0 native plugins for Editor in 0.00 ms.
Unloading 1128 Unused Serialized files (Serialized files now loaded: 0)
System memory in use before: 58.7 MB.
System memory in use after: 58.8 MB.

Unloading 4 unused Assets to reduce memory usage. Loaded Objects now: 1628.
Total: 1.684500 ms (FindLiveObjects: 0.175700 ms CreateObjectMapping: 0.028700 ms MarkObjects: 1.465300 ms  DeleteObjects: 0.013400 ms)

========================================================================
Received Import Request.
  Time since last request: 3555.797256 seconds.
  path: Assets/Lightmapping-Helper-Preset.asset
  artifactKey: Guid(e3e10a55cec35d74897fb5c92480ec83) Importer(815301076,1909f56bfc062723c751e8b465ee728b)
Start importing Assets/Lightmapping-Helper-Preset.asset using Guid(e3e10a55cec35d74897fb5c92480ec83) Importer(815301076,1909f56bfc062723c751e8b465ee728b)  -> (artifact id: '4d4d4aef1496f9e5c1ee909f031bf54a') in 0.024339 seconds
  Import took 0.026428 seconds .

========================================================================
Received Prepare
Registering precompiled user dll's ...
Registered in 0.000554 seconds.
Begin MonoManager ReloadAssembly
Native extension for WindowsStandalone target not found
Refreshing native plugins compatible for Editor in 0.22 ms, found 0 plugins.
Preloading 0 native plugins for Editor in 0.00 ms.
Invoked RoslynAnalysisRunner static constructor.
RoslynAnalysisRunner will not be running.
RoslynAnalysisRunner has terminated.
Mono: successfully reloaded assembly
- Completed reload, in  0.824 seconds
Platform modules already initialized, skipping
Refreshing native plugins compatible for Editor in 0.21 ms, found 0 plugins.
Preloading 0 native plugins for Editor in 0.00 ms.
Unloading 1128 Unused Serialized files (Serialized files now loaded: 0)
System memory in use before: 58.8 MB.
System memory in use after: 58.9 MB.

Unloading 4 unused Assets to reduce memory usage. Loaded Objects now: 1630.
Total: 1.697400 ms (FindLiveObjects: 0.153200 ms CreateObjectMapping: 0.027900 ms MarkObjects: 1.501000 ms  DeleteObjects: 0.014400 ms)

========================================================================
Received Prepare
Registering precompiled user dll's ...
Registered in 0.000719 seconds.
Begin MonoManager ReloadAssembly
Native extension for WindowsStandalone target not found
Refreshing native plugins compatible for Editor in 0.30 ms, found 0 plugins.
Preloading 0 native plugins for Editor in 0.00 ms.
Invoked RoslynAnalysisRunner static constructor.
RoslynAnalysisRunner will not be running.
RoslynAnalysisRunner has terminated.
Mono: successfully reloaded assembly
- Completed reload, in  0.872 seconds
Platform modules already initialized, skipping
Refreshing native plugins compatible for Editor in 0.22 ms, found 0 plugins.
Preloading 0 native plugins for Editor in 0.00 ms.
Unloading 1128 Unused Serialized files (Serialized files now loaded: 0)
System memory in use before: 58.9 MB.
System memory in use after: 59.0 MB.

Unloading 4 unused Assets to reduce memory usage. Loaded Objects now: 1632.
Total: 1.907000 ms (FindLiveObjects: 0.337900 ms CreateObjectMapping: 0.033200 ms MarkObjects: 1.518000 ms  DeleteObjects: 0.015900 ms)

========================================================================
Received Prepare
Registering precompiled user dll's ...
Registered in 0.000539 seconds.
Begin MonoManager ReloadAssembly
Native extension for WindowsStandalone target not found
Refreshing native plugins compatible for Editor in 0.22 ms, found 0 plugins.
Preloading 0 native plugins for Editor in 0.00 ms.
Invoked RoslynAnalysisRunner static constructor.
RoslynAnalysisRunner will not be running.
RoslynAnalysisRunner has terminated.
Mono: successfully reloaded assembly
- Completed reload, in  0.866 seconds
Platform modules already initialized, skipping
Refreshing native plugins compatible for Editor in 0.22 ms, found 0 plugins.
Preloading 0 native plugins for Editor in 0.00 ms.
Unloading 1128 Unused Serialized files (Serialized files now loaded: 0)
System memory in use before: 59.1 MB.
System memory in use after: 59.2 MB.

Unloading 4 unused Assets to reduce memory usage. Loaded Objects now: 1634.
Total: 1.935000 ms (FindLiveObjects: 0.216500 ms CreateObjectMapping: 0.038200 ms MarkObjects: 1.665600 ms  DeleteObjects: 0.013700 ms)

========================================================================
Received Prepare
Registering precompiled user dll's ...
Registered in 0.000804 seconds.
Begin MonoManager ReloadAssembly
Native extension for WindowsStandalone target not found
Refreshing native plugins compatible for Editor in 0.22 ms, found 0 plugins.
Preloading 0 native plugins for Editor in 0.00 ms.
Invoked RoslynAnalysisRunner static constructor.
RoslynAnalysisRunner will not be running.
RoslynAnalysisRunner has terminated.
Mono: successfully reloaded assembly
- Completed reload, in  0.851 seconds
Platform modules already initialized, skipping
Refreshing native plugins compatible for Editor in 0.22 ms, found 0 plugins.
Preloading 0 native plugins for Editor in 0.00 ms.
Unloading 1128 Unused Serialized files (Serialized files now loaded: 0)
System memory in use before: 59.1 MB.
System memory in use after: 59.2 MB.

Unloading 4 unused Assets to reduce memory usage. Loaded Objects now: 1636.
Total: 1.735700 ms (FindLiveObjects: 0.159900 ms CreateObjectMapping: 0.028700 ms MarkObjects: 1.531300 ms  DeleteObjects: 0.014700 ms)

========================================================================
Received Prepare
Registering precompiled user dll's ...
Registered in 0.000558 seconds.
Begin MonoManager ReloadAssembly
Native extension for WindowsStandalone target not found
Refreshing native plugins compatible for Editor in 0.23 ms, found 0 plugins.
Preloading 0 native plugins for Editor in 0.00 ms.
Invoked RoslynAnalysisRunner static constructor.
RoslynAnalysisRunner will not be running.
RoslynAnalysisRunner has terminated.
Mono: successfully reloaded assembly
- Completed reload, in  0.905 seconds
Platform modules already initialized, skipping
Refreshing native plugins compatible for Editor in 0.24 ms, found 0 plugins.
Preloading 0 native plugins for Editor in 0.00 ms.
Unloading 1128 Unused Serialized files (Serialized files now loaded: 0)
System memory in use before: 58.3 MB.
System memory in use after: 58.4 MB.

Unloading 4 unused Assets to reduce memory usage. Loaded Objects now: 1638.
Total: 1.838400 ms (FindLiveObjects: 0.184100 ms CreateObjectMapping: 0.029900 ms MarkObjects: 1.608500 ms  DeleteObjects: 0.014500 ms)

========================================================================
Received Prepare
Registering precompiled user dll's ...
Registered in 0.000570 seconds.
Begin MonoManager ReloadAssembly
Native extension for WindowsStandalone target not found
Refreshing native plugins compatible for Editor in 0.22 ms, found 0 plugins.
Preloading 0 native plugins for Editor in 0.00 ms.
Invoked RoslynAnalysisRunner static constructor.
RoslynAnalysisRunner will not be running.
RoslynAnalysisRunner has terminated.
Mono: successfully reloaded assembly
- Completed reload, in  0.863 seconds
Platform modules already initialized, skipping
Refreshing native plugins compatible for Editor in 0.21 ms, found 0 plugins.
Preloading 0 native plugins for Editor in 0.00 ms.
Unloading 1128 Unused Serialized files (Serialized files now loaded: 0)
System memory in use before: 58.4 MB.
System memory in use after: 58.5 MB.

Unloading 4 unused Assets to reduce memory usage. Loaded Objects now: 1640.
Total: 1.625500 ms (FindLiveObjects: 0.161400 ms CreateObjectMapping: 0.028700 ms MarkObjects: 1.421700 ms  DeleteObjects: 0.012700 ms)

========================================================================
Received Prepare
Registering precompiled user dll's ...
Registered in 0.000562 seconds.
Begin MonoManager ReloadAssembly
Native extension for WindowsStandalone target not found
Refreshing native plugins compatible for Editor in 0.35 ms, found 0 plugins.
Preloading 0 native plugins for Editor in 0.00 ms.
Invoked RoslynAnalysisRunner static constructor.
RoslynAnalysisRunner will not be running.
RoslynAnalysisRunner has terminated.
Mono: successfully reloaded assembly
- Completed reload, in  0.914 seconds
Platform modules already initialized, skipping
Refreshing native plugins compatible for Editor in 0.23 ms, found 0 plugins.
Preloading 0 native plugins for Editor in 0.00 ms.
Unloading 1128 Unused Serialized files (Serialized files now loaded: 0)
System memory in use before: 58.5 MB.
System memory in use after: 58.6 MB.

Unloading 4 unused Assets to reduce memory usage. Loaded Objects now: 1642.
Total: 1.760100 ms (FindLiveObjects: 0.170300 ms CreateObjectMapping: 0.030100 ms MarkObjects: 1.542000 ms  DeleteObjects: 0.016700 ms)

========================================================================
Received Prepare
Registering precompiled user dll's ...
Registered in 0.000624 seconds.
Begin MonoManager ReloadAssembly
Native extension for WindowsStandalone target not found
Refreshing native plugins compatible for Editor in 0.30 ms, found 0 plugins.
Preloading 0 native plugins for Editor in 0.00 ms.
Invoked RoslynAnalysisRunner static constructor.
RoslynAnalysisRunner will not be running.
RoslynAnalysisRunner has terminated.
Mono: successfully reloaded assembly
- Completed reload, in  0.897 seconds
Platform modules already initialized, skipping
Refreshing native plugins compatible for Editor in 0.22 ms, found 0 plugins.
Preloading 0 native plugins for Editor in 0.00 ms.
Unloading 1128 Unused Serialized files (Serialized files now loaded: 0)
System memory in use before: 58.7 MB.
System memory in use after: 58.8 MB.

Unloading 4 unused Assets to reduce memory usage. Loaded Objects now: 1644.
Total: 1.765700 ms (FindLiveObjects: 0.171500 ms CreateObjectMapping: 0.028900 ms MarkObjects: 1.546500 ms  DeleteObjects: 0.017700 ms)

========================================================================
Received Import Request.
  Time since last request: 1453.751984 seconds.
  path: Assets/Lightmapping-Helper-Preset.asset
  artifactKey: Guid(e3e10a55cec35d74897fb5c92480ec83) Importer(815301076,1909f56bfc062723c751e8b465ee728b)
Start importing Assets/Lightmapping-Helper-Preset.asset using Guid(e3e10a55cec35d74897fb5c92480ec83) Importer(815301076,1909f56bfc062723c751e8b465ee728b)  -> (artifact id: 'df4b3557d106a426c80d95ff9b199927') in 0.015361 seconds
  Import took 0.017535 seconds .

========================================================================
Received Prepare
Registering precompiled user dll's ...
Registered in 0.000590 seconds.
Begin MonoManager ReloadAssembly
Native extension for WindowsStandalone target not found
Refreshing native plugins compatible for Editor in 0.22 ms, found 0 plugins.
Preloading 0 native plugins for Editor in 0.00 ms.
Invoked RoslynAnalysisRunner static constructor.
RoslynAnalysisRunner will not be running.
RoslynAnalysisRunner has terminated.
Mono: successfully reloaded assembly
- Completed reload, in  0.876 seconds
Platform modules already initialized, skipping
Refreshing native plugins compatible for Editor in 0.22 ms, found 0 plugins.
Preloading 0 native plugins for Editor in 0.00 ms.
Unloading 1128 Unused Serialized files (Serialized files now loaded: 0)
System memory in use before: 58.8 MB.
System memory in use after: 58.9 MB.

Unloading 4 unused Assets to reduce memory usage. Loaded Objects now: 1646.
Total: 1.853100 ms (FindLiveObjects: 0.163100 ms CreateObjectMapping: 0.027400 ms MarkObjects: 1.642200 ms  DeleteObjects: 0.019400 ms)

========================================================================
Received Prepare
Registering precompiled user dll's ...
Registered in 0.000568 seconds.
Begin MonoManager ReloadAssembly
Native extension for WindowsStandalone target not found
Refreshing native plugins compatible for Editor in 0.26 ms, found 0 plugins.
Preloading 0 native plugins for Editor in 0.00 ms.
Invoked RoslynAnalysisRunner static constructor.
RoslynAnalysisRunner will not be running.
RoslynAnalysisRunner has terminated.
Mono: successfully reloaded assembly
- Completed reload, in  0.870 seconds
Platform modules already initialized, skipping
Refreshing native plugins compatible for Editor in 0.23 ms, found 0 plugins.
Preloading 0 native plugins for Editor in 0.00 ms.
Unloading 1128 Unused Serialized files (Serialized files now loaded: 0)
System memory in use before: 58.9 MB.
System memory in use after: 59.0 MB.

Unloading 4 unused Assets to reduce memory usage. Loaded Objects now: 1648.
Total: 1.790100 ms (FindLiveObjects: 0.188300 ms CreateObjectMapping: 0.031000 ms MarkObjects: 1.552600 ms  DeleteObjects: 0.017100 ms)

========================================================================
Received Prepare
Registering precompiled user dll's ...
Registered in 0.000573 seconds.
Begin MonoManager ReloadAssembly
Native extension for WindowsStandalone target not found
Refreshing native plugins compatible for Editor in 0.22 ms, found 0 plugins.
Preloading 0 native plugins for Editor in 0.00 ms.
Invoked RoslynAnalysisRunner static constructor.
RoslynAnalysisRunner will not be running.
RoslynAnalysisRunner has terminated.
Mono: successfully reloaded assembly
- Completed reload, in  0.850 seconds
Platform modules already initialized, skipping
Refreshing native plugins compatible for Editor in 0.22 ms, found 0 plugins.
Preloading 0 native plugins for Editor in 0.00 ms.
Unloading 1128 Unused Serialized files (Serialized files now loaded: 0)
System memory in use before: 59.0 MB.
System memory in use after: 59.1 MB.

Unloading 4 unused Assets to reduce memory usage. Loaded Objects now: 1650.
Total: 1.768300 ms (FindLiveObjects: 0.170000 ms CreateObjectMapping: 0.029500 ms MarkObjects: 1.552100 ms  DeleteObjects: 0.014900 ms)

========================================================================
Received Prepare
Registering precompiled user dll's ...
Registered in 0.000542 seconds.
Begin MonoManager ReloadAssembly
Native extension for WindowsStandalone target not found
Refreshing native plugins compatible for Editor in 0.22 ms, found 0 plugins.
Preloading 0 native plugins for Editor in 0.00 ms.
Invoked RoslynAnalysisRunner static constructor.
RoslynAnalysisRunner will not be running.
RoslynAnalysisRunner has terminated.
Mono: successfully reloaded assembly
- Completed reload, in  0.854 seconds
Platform modules already initialized, skipping
Refreshing native plugins compatible for Editor in 0.23 ms, found 0 plugins.
Preloading 0 native plugins for Editor in 0.00 ms.
Unloading 1128 Unused Serialized files (Serialized files now loaded: 0)
System memory in use before: 59.1 MB.
System memory in use after: 59.2 MB.

Unloading 4 unused Assets to reduce memory usage. Loaded Objects now: 1652.
Total: 1.798200 ms (FindLiveObjects: 0.165900 ms CreateObjectMapping: 0.029100 ms MarkObjects: 1.586700 ms  DeleteObjects: 0.015600 ms)

========================================================================
Received Prepare
Registering precompiled user dll's ...
Registered in 0.000571 seconds.
Begin MonoManager ReloadAssembly
Native extension for WindowsStandalone target not found
Refreshing native plugins compatible for Editor in 0.23 ms, found 0 plugins.
Preloading 0 native plugins for Editor in 0.00 ms.
Invoked RoslynAnalysisRunner static constructor.
RoslynAnalysisRunner will not be running.
RoslynAnalysisRunner has terminated.
Mono: successfully reloaded assembly
- Completed reload, in  0.885 seconds
Platform modules already initialized, skipping
Refreshing native plugins compatible for Editor in 0.22 ms, found 0 plugins.
Preloading 0 native plugins for Editor in 0.00 ms.
Unloading 1128 Unused Serialized files (Serialized files now loaded: 0)
System memory in use before: 58.3 MB.
System memory in use after: 58.4 MB.

Unloading 4 unused Assets to reduce memory usage. Loaded Objects now: 1654.
Total: 2.058700 ms (FindLiveObjects: 0.229700 ms CreateObjectMapping: 0.032600 ms MarkObjects: 1.779000 ms  DeleteObjects: 0.016100 ms)

========================================================================
Received Prepare
Registering precompiled user dll's ...
Registered in 0.000518 seconds.
Begin MonoManager ReloadAssembly
Native extension for WindowsStandalone target not found
Refreshing native plugins compatible for Editor in 0.22 ms, found 0 plugins.
Preloading 0 native plugins for Editor in 0.00 ms.
Invoked RoslynAnalysisRunner static constructor.
RoslynAnalysisRunner will not be running.
RoslynAnalysisRunner has terminated.
Mono: successfully reloaded assembly
- Completed reload, in  0.845 seconds
Platform modules already initialized, skipping
Refreshing native plugins compatible for Editor in 0.21 ms, found 0 plugins.
Preloading 0 native plugins for Editor in 0.00 ms.
Unloading 1128 Unused Serialized files (Serialized files now loaded: 0)
System memory in use before: 58.4 MB.
System memory in use after: 58.5 MB.

Unloading 4 unused Assets to reduce memory usage. Loaded Objects now: 1656.
Total: 1.726700 ms (FindLiveObjects: 0.163900 ms CreateObjectMapping: 0.033900 ms MarkObjects: 1.515500 ms  DeleteObjects: 0.012500 ms)

========================================================================
Received Prepare
Registering precompiled user dll's ...
Registered in 0.000582 seconds.
Begin MonoManager ReloadAssembly
Native extension for WindowsStandalone target not found
Refreshing native plugins compatible for Editor in 0.30 ms, found 0 plugins.
Preloading 0 native plugins for Editor in 0.00 ms.
Invoked RoslynAnalysisRunner static constructor.
RoslynAnalysisRunner will not be running.
RoslynAnalysisRunner has terminated.
Mono: successfully reloaded assembly
- Completed reload, in  0.846 seconds
Platform modules already initialized, skipping
Refreshing native plugins compatible for Editor in 0.23 ms, found 0 plugins.
Preloading 0 native plugins for Editor in 0.00 ms.
Unloading 1128 Unused Serialized files (Serialized files now loaded: 0)
System memory in use before: 58.5 MB.
System memory in use after: 58.6 MB.

Unloading 4 unused Assets to reduce memory usage. Loaded Objects now: 1658.
Total: 1.917100 ms (FindLiveObjects: 0.176300 ms CreateObjectMapping: 0.031200 ms MarkObjects: 1.686600 ms  DeleteObjects: 0.021800 ms)

========================================================================
Received Prepare
Registering precompiled user dll's ...
Registered in 0.000688 seconds.
Begin MonoManager ReloadAssembly
Native extension for WindowsStandalone target not found
Refreshing native plugins compatible for Editor in 0.38 ms, found 0 plugins.
Preloading 0 native plugins for Editor in 0.00 ms.
Invoked RoslynAnalysisRunner static constructor.
RoslynAnalysisRunner will not be running.
RoslynAnalysisRunner has terminated.
Mono: successfully reloaded assembly
- Completed reload, in  0.851 seconds
Platform modules already initialized, skipping
Refreshing native plugins compatible for Editor in 0.21 ms, found 0 plugins.
Preloading 0 native plugins for Editor in 0.00 ms.
Unloading 1128 Unused Serialized files (Serialized files now loaded: 0)
System memory in use before: 58.6 MB.
System memory in use after: 58.7 MB.

Unloading 4 unused Assets to reduce memory usage. Loaded Objects now: 1660.
Total: 1.718500 ms (FindLiveObjects: 0.189900 ms CreateObjectMapping: 0.030300 ms MarkObjects: 1.481900 ms  DeleteObjects: 0.014700 ms)

========================================================================
Received Prepare
Registering precompiled user dll's ...
Registered in 0.000497 seconds.
Begin MonoManager ReloadAssembly
Native extension for WindowsStandalone target not found
Refreshing native plugins compatible for Editor in 0.22 ms, found 0 plugins.
Preloading 0 native plugins for Editor in 0.00 ms.
Invoked RoslynAnalysisRunner static constructor.
RoslynAnalysisRunner will not be running.
RoslynAnalysisRunner has terminated.
Mono: successfully reloaded assembly
- Completed reload, in  0.859 seconds
Platform modules already initialized, skipping
Refreshing native plugins compatible for Editor in 0.35 ms, found 0 plugins.
Preloading 0 native plugins for Editor in 0.00 ms.
Unloading 1128 Unused Serialized files (Serialized files now loaded: 0)
System memory in use before: 58.8 MB.
System memory in use after: 58.9 MB.

Unloading 4 unused Assets to reduce memory usage. Loaded Objects now: 1662.
Total: 1.724100 ms (FindLiveObjects: 0.174300 ms CreateObjectMapping: 0.028600 ms MarkObjects: 1.505500 ms  DeleteObjects: 0.014400 ms)

========================================================================
Received Prepare
Registering precompiled user dll's ...
Registered in 0.000622 seconds.
Begin MonoManager ReloadAssembly
Native extension for WindowsStandalone target not found
Refreshing native plugins compatible for Editor in 0.22 ms, found 0 plugins.
Preloading 0 native plugins for Editor in 0.00 ms.
Invoked RoslynAnalysisRunner static constructor.
RoslynAnalysisRunner will not be running.
RoslynAnalysisRunner has terminated.
Mono: successfully reloaded assembly
- Completed reload, in  1.005 seconds
Platform modules already initialized, skipping
Refreshing native plugins compatible for Editor in 0.22 ms, found 0 plugins.
Preloading 0 native plugins for Editor in 0.00 ms.
Unloading 1128 Unused Serialized files (Serialized files now loaded: 0)
System memory in use before: 58.9 MB.
System memory in use after: 59.0 MB.

Unloading 4 unused Assets to reduce memory usage. Loaded Objects now: 1664.
Total: 1.735700 ms (FindLiveObjects: 0.210900 ms CreateObjectMapping: 0.031400 ms MarkObjects: 1.474000 ms  DeleteObjects: 0.018500 ms)

========================================================================
Received Prepare
Registering precompiled user dll's ...
Registered in 0.000569 seconds.
Begin MonoManager ReloadAssembly
Native extension for WindowsStandalone target not found
Refreshing native plugins compatible for Editor in 0.23 ms, found 0 plugins.
Preloading 0 native plugins for Editor in 0.00 ms.
Invoked RoslynAnalysisRunner static constructor.
RoslynAnalysisRunner will not be running.
RoslynAnalysisRunner has terminated.
Mono: successfully reloaded assembly
- Completed reload, in  0.839 seconds
Platform modules already initialized, skipping
Refreshing native plugins compatible for Editor in 0.23 ms, found 0 plugins.
Preloading 0 native plugins for Editor in 0.00 ms.
Unloading 1128 Unused Serialized files (Serialized files now loaded: 0)
System memory in use before: 59.0 MB.
System memory in use after: 59.1 MB.

Unloading 4 unused Assets to reduce memory usage. Loaded Objects now: 1666.
Total: 1.699400 ms (FindLiveObjects: 0.169000 ms CreateObjectMapping: 0.031100 ms MarkObjects: 1.484900 ms  DeleteObjects: 0.013300 ms)

========================================================================
Received Prepare
Registering precompiled user dll's ...
Registered in 0.000564 seconds.
Begin MonoManager ReloadAssembly
Native extension for WindowsStandalone target not found
Refreshing native plugins compatible for Editor in 0.23 ms, found 0 plugins.
Preloading 0 native plugins for Editor in 0.00 ms.
Invoked RoslynAnalysisRunner static constructor.
RoslynAnalysisRunner will not be running.
RoslynAnalysisRunner has terminated.
Mono: successfully reloaded assembly
- Completed reload, in  0.854 seconds
Platform modules already initialized, skipping
Refreshing native plugins compatible for Editor in 0.22 ms, found 0 plugins.
Preloading 0 native plugins for Editor in 0.00 ms.
Unloading 1128 Unused Serialized files (Serialized files now loaded: 0)
System memory in use before: 59.1 MB.
System memory in use after: 59.2 MB.

Unloading 4 unused Assets to reduce memory usage. Loaded Objects now: 1668.
Total: 1.713600 ms (FindLiveObjects: 0.167400 ms CreateObjectMapping: 0.029600 ms MarkObjects: 1.501800 ms  DeleteObjects: 0.013700 ms)

========================================================================
Received Prepare
Registering precompiled user dll's ...
Registered in 0.000572 seconds.
Begin MonoManager ReloadAssembly
Native extension for WindowsStandalone target not found
Refreshing native plugins compatible for Editor in 0.22 ms, found 0 plugins.
Preloading 0 native plugins for Editor in 0.00 ms.
Invoked RoslynAnalysisRunner static constructor.
RoslynAnalysisRunner will not be running.
RoslynAnalysisRunner has terminated.
Mono: successfully reloaded assembly
- Completed reload, in  0.848 seconds
Platform modules already initialized, skipping
Refreshing native plugins compatible for Editor in 0.25 ms, found 0 plugins.
Preloading 0 native plugins for Editor in 0.00 ms.
Unloading 1128 Unused Serialized files (Serialized files now loaded: 0)
System memory in use before: 59.2 MB.
System memory in use after: 59.3 MB.

Unloading 4 unused Assets to reduce memory usage. Loaded Objects now: 1670.
Total: 1.689900 ms (FindLiveObjects: 0.186800 ms CreateObjectMapping: 0.028600 ms MarkObjects: 1.461300 ms  DeleteObjects: 0.012200 ms)

========================================================================
Received Prepare
Registering precompiled user dll's ...
Registered in 0.000513 seconds.
Begin MonoManager ReloadAssembly
Native extension for WindowsStandalone target not found
Refreshing native plugins compatible for Editor in 0.22 ms, found 0 plugins.
Preloading 0 native plugins for Editor in 0.00 ms.
Invoked RoslynAnalysisRunner static constructor.
RoslynAnalysisRunner will not be running.
RoslynAnalysisRunner has terminated.
Mono: successfully reloaded assembly
- Completed reload, in  0.893 seconds
Platform modules already initialized, skipping
Refreshing native plugins compatible for Editor in 0.23 ms, found 0 plugins.
Preloading 0 native plugins for Editor in 0.00 ms.
Unloading 1128 Unused Serialized files (Serialized files now loaded: 0)
System memory in use before: 58.4 MB.
System memory in use after: 58.5 MB.

Unloading 4 unused Assets to reduce memory usage. Loaded Objects now: 1672.
Total: 2.251800 ms (FindLiveObjects: 0.298700 ms CreateObjectMapping: 0.049600 ms MarkObjects: 1.879700 ms  DeleteObjects: 0.021400 ms)

========================================================================
Received Prepare
Registering precompiled user dll's ...
Registered in 0.000529 seconds.
Begin MonoManager ReloadAssembly
Native extension for WindowsStandalone target not found
Refreshing native plugins compatible for Editor in 0.22 ms, found 0 plugins.
Preloading 0 native plugins for Editor in 0.00 ms.
Invoked RoslynAnalysisRunner static constructor.
RoslynAnalysisRunner will not be running.
RoslynAnalysisRunner has terminated.
Mono: successfully reloaded assembly
- Completed reload, in  0.851 seconds
Platform modules already initialized, skipping
Refreshing native plugins compatible for Editor in 0.22 ms, found 0 plugins.
Preloading 0 native plugins for Editor in 0.00 ms.
Unloading 1128 Unused Serialized files (Serialized files now loaded: 0)
System memory in use before: 58.5 MB.
System memory in use after: 58.6 MB.

Unloading 4 unused Assets to reduce memory usage. Loaded Objects now: 1674.
Total: 1.862100 ms (FindLiveObjects: 0.170300 ms CreateObjectMapping: 0.028600 ms MarkObjects: 1.642600 ms  DeleteObjects: 0.019700 ms)

========================================================================
Received Prepare
Registering precompiled user dll's ...
Registered in 0.000649 seconds.
Begin MonoManager ReloadAssembly
Native extension for WindowsStandalone target not found
Refreshing native plugins compatible for Editor in 0.23 ms, found 0 plugins.
Preloading 0 native plugins for Editor in 0.00 ms.
Invoked RoslynAnalysisRunner static constructor.
RoslynAnalysisRunner will not be running.
RoslynAnalysisRunner has terminated.
Mono: successfully reloaded assembly
- Completed reload, in  0.861 seconds
Platform modules already initialized, skipping
Refreshing native plugins compatible for Editor in 0.24 ms, found 0 plugins.
Preloading 0 native plugins for Editor in 0.00 ms.
Unloading 1128 Unused Serialized files (Serialized files now loaded: 0)
System memory in use before: 58.6 MB.
System memory in use after: 58.7 MB.

Unloading 4 unused Assets to reduce memory usage. Loaded Objects now: 1676.
Total: 2.329000 ms (FindLiveObjects: 0.244000 ms CreateObjectMapping: 0.044700 ms MarkObjects: 2.019700 ms  DeleteObjects: 0.019300 ms)

========================================================================
Received Prepare
Registering precompiled user dll's ...
Registered in 0.000566 seconds.
Begin MonoManager ReloadAssembly
Native extension for WindowsStandalone target not found
Refreshing native plugins compatible for Editor in 0.30 ms, found 0 plugins.
Preloading 0 native plugins for Editor in 0.00 ms.
Invoked RoslynAnalysisRunner static constructor.
RoslynAnalysisRunner will not be running.
RoslynAnalysisRunner has terminated.
Mono: successfully reloaded assembly
- Completed reload, in  0.850 seconds
Platform modules already initialized, skipping
Refreshing native plugins compatible for Editor in 0.22 ms, found 0 plugins.
Preloading 0 native plugins for Editor in 0.00 ms.
Unloading 1128 Unused Serialized files (Serialized files now loaded: 0)
System memory in use before: 58.7 MB.
System memory in use after: 58.8 MB.

Unloading 4 unused Assets to reduce memory usage. Loaded Objects now: 1678.
Total: 1.792700 ms (FindLiveObjects: 0.166400 ms CreateObjectMapping: 0.029700 ms MarkObjects: 1.580400 ms  DeleteObjects: 0.015300 ms)

========================================================================
Received Prepare
Registering precompiled user dll's ...
Registered in 0.000575 seconds.
Begin MonoManager ReloadAssembly
Native extension for WindowsStandalone target not found
Refreshing native plugins compatible for Editor in 0.23 ms, found 0 plugins.
Preloading 0 native plugins for Editor in 0.00 ms.
Invoked RoslynAnalysisRunner static constructor.
RoslynAnalysisRunner will not be running.
RoslynAnalysisRunner has terminated.
Mono: successfully reloaded assembly
- Completed reload, in  0.840 seconds
Platform modules already initialized, skipping
Refreshing native plugins compatible for Editor in 0.22 ms, found 0 plugins.
Preloading 0 native plugins for Editor in 0.00 ms.
Unloading 1128 Unused Serialized files (Serialized files now loaded: 0)
System memory in use before: 58.9 MB.
System memory in use after: 59.0 MB.

Unloading 4 unused Assets to reduce memory usage. Loaded Objects now: 1680.
Total: 1.744800 ms (FindLiveObjects: 0.178900 ms CreateObjectMapping: 0.030600 ms MarkObjects: 1.520000 ms  DeleteObjects: 0.014400 ms)

========================================================================
Received Prepare
Registering precompiled user dll's ...
Registered in 0.000546 seconds.
Begin MonoManager ReloadAssembly
Native extension for WindowsStandalone target not found
Refreshing native plugins compatible for Editor in 0.23 ms, found 0 plugins.
Preloading 0 native plugins for Editor in 0.00 ms.
Invoked RoslynAnalysisRunner static constructor.
RoslynAnalysisRunner will not be running.
RoslynAnalysisRunner has terminated.
Mono: successfully reloaded assembly
- Completed reload, in  0.841 seconds
Platform modules already initialized, skipping
Refreshing native plugins compatible for Editor in 0.22 ms, found 0 plugins.
Preloading 0 native plugins for Editor in 0.00 ms.
Unloading 1128 Unused Serialized files (Serialized files now loaded: 0)
System memory in use before: 59.0 MB.
System memory in use after: 59.1 MB.

Unloading 4 unused Assets to reduce memory usage. Loaded Objects now: 1682.
Total: 1.867100 ms (FindLiveObjects: 0.195600 ms CreateObjectMapping: 0.031800 ms MarkObjects: 1.621900 ms  DeleteObjects: 0.016900 ms)

========================================================================
Received Prepare
Registering precompiled user dll's ...
Registered in 0.000571 seconds.
Begin MonoManager ReloadAssembly
Native extension for WindowsStandalone target not found
Refreshing native plugins compatible for Editor in 0.24 ms, found 0 plugins.
Preloading 0 native plugins for Editor in 0.00 ms.
Invoked RoslynAnalysisRunner static constructor.
RoslynAnalysisRunner will not be running.
RoslynAnalysisRunner has terminated.
Mono: successfully reloaded assembly
- Completed reload, in  0.840 seconds
Platform modules already initialized, skipping
Refreshing native plugins compatible for Editor in 0.22 ms, found 0 plugins.
Preloading 0 native plugins for Editor in 0.00 ms.
Unloading 1128 Unused Serialized files (Serialized files now loaded: 0)
System memory in use before: 59.1 MB.
System memory in use after: 59.2 MB.

Unloading 4 unused Assets to reduce memory usage. Loaded Objects now: 1684.
Total: 1.707700 ms (FindLiveObjects: 0.160600 ms CreateObjectMapping: 0.040600 ms MarkObjects: 1.493200 ms  DeleteObjects: 0.012500 ms)

